<?xml version="1.0" encoding="UTF-8"?>
<!-- Generated by org.testng.reporters.JUnitXMLReporter -->
<testsuite ignored="0" hostname="Nick" failures="1" tests="2" name="Command line test" time="61.437" errors="0" timestamp="2025-10-04T21:58:04 CEST">
  <testcase classname="BookWormFinal" name="bookWormFinalProjectTest" time="12.591"/>
  <testcase classname="BookWormFinal" name="bookWormFinalProjectTest2" time="31.128">
    <failure type="java.lang.AssertionError" message="Order confirmation message does not match! expected [Thank you. Your order has been received.] but found []">
      <![CDATA[java.lang.AssertionError: Order confirmation message does not match! expected [Thank you. Your order has been received.] but found []
at BookWormFinal.bookWormFinalProjectTest2(BookWormFinal.java:75)
at java.base/java.util.ArrayList.forEach(ArrayList.java:1511)
at BookWormFinal.main(BookWormFinal.java:20)
... Removed 29 stack frames]]>
    </failure>
  </testcase> <!-- bookWormFinalProjectTest2 -->
</testsuite> <!-- Command line test -->
